ERROR:restore_models:âŒ Source models directory not found: /app/models_src
INFO:init_models:ğŸš€ Initializing AI models...
INFO:init_models:ğŸ“ Creating models directory: /app/model_cache
INFO:init_caches:ğŸš€ Starting Railway Volume cache initialization...
INFO:init_caches:ğŸ—ï¸ Creating cache directories...
Traceback (most recent call last):
  File "/Users/leslieisah/modomo/backend/modomo-scraper/main_railway.py", line 126, in get_app
    import structlog
ModuleNotFoundError: No module named 'structlog'
ğŸ”§ Restoring model Python files after Railway Volume mount...
âŒ Failed to restore model Python files
ğŸ”§ Running comprehensive models import fix...
ğŸ”§ Fixing models import issues...
ğŸ” Models directory: /Users/leslieisah/modomo/backend/modomo-scraper/models
ğŸ” Models directory exists: True
ğŸ“ Models directory contents:
   - depth_estimator.py
   - grounding_dino.py
   - .DS_Store
   - boundary_refine.py
   - sam2_segmenter.py
   - __init__.py
   - __pycache__
   - clip_embedder.py
   - edge_detector.py
   - fusion.py
   - color_extractor.py
   - map_generator.py
ğŸ” __init__.py exists: True
âœ… __init__.py already exists

ğŸ§ª Testing individual model imports...
âœ… color_extractor.py file exists
âœ… grounding_dino.py file exists
âœ… sam2_segmenter.py file exists
âœ… clip_embedder.py file exists

ğŸ§ª Testing models package import...
âš ï¸ Some AI models not available: No module named 'numpy'
âœ… models package imported successfully
âŒ ColorExtractor import failed: No module named 'cv2'
âŒ GroundingDINODetector import failed: No module named 'torch'
âŒ SAM2Segmenter import failed: No module named 'numpy'
âŒ CLIPEmbedder import failed: No module named 'torch'
âœ… Models import fix completed successfully
ğŸ¤– Initializing AI models from Railway Volume...
âš ï¸ Model initialization warning: [Errno 30] Read-only file system: '/app'
ğŸ”„ Continuing with existing models if available...
ğŸš€ Initializing Phase 2 caches...
âš ï¸ Cache initialization warning: [Errno 30] Read-only file system: '/app'
ğŸ”„ Will initialize caches on first use...
ğŸ” AI_MODE environment variable: full
ğŸ’¡ Missing AI dependency: No module named 'numpy'
ğŸ¤– AI dependencies available: False
ğŸš€ Loading refactored architecture...
ğŸ” Python path: ['/Users/leslieisah/modomo/backend/modomo-scraper', '/opt/homebrew/Cellar/python@3.13/3.13.7/Frameworks/Python.framework/Versions/3.13/lib/python313.zip', '/opt/homebrew/Cellar/python@3.13/3.13.7/Frameworks/Python.framework/Versions/3.13/lib/python3.13']...
âŒ Missing critical dependency: No module named 'structlog'
âŒ Failed to load refactored architecture: No module named 'structlog'
ğŸ”„ Falling back to original full AI mode...
âŒ Failed to load original full AI mode: No module named 'fastapi'
ğŸ’¥ CRITICAL: AI dependencies missing in production build!
ğŸ”§ Check Dockerfile and requirements-ai-stable.txt
ğŸ”„ Final fallback to basic mode (NOT RECOMMENDED FOR PRODUCTION)
ğŸ’¥ FATAL: Even basic mode failed: No module named 'fastapi'
Traceback (most recent call last):
  File "/Users/leslieisah/modomo/backend/modomo-scraper/main_railway.py", line 126, in get_app
    import structlog
ModuleNotFoundError: No module named 'structlog'

During handling of the above exception, another exception occurred:

Traceback (most recent call last):
  File "/Users/leslieisah/modomo/backend/modomo-scraper/main_railway.py", line 144, in get_app
    from main_full import app
  File "/Users/leslieisah/modomo/backend/modomo-scraper/main_full.py", line 15, in <module>
    from fastapi import FastAPI, HTTPException, BackgroundTasks, Query, Body
ModuleNotFoundError: No module named 'fastapi'

During handling of the above exception, another exception occurred:

Traceback (most recent call last):
  File "/Users/leslieisah/modomo/backend/modomo-scraper/main_railway.py", line 166, in <module>
    app = get_app()
  File "/Users/leslieisah/modomo/backend/modomo-scraper/main_railway.py", line 158, in get_app
    from main_basic import app
  File "/Users/leslieisah/modomo/backend/modomo-scraper/main_basic.py", line 13, in <module>
    from fastapi import FastAPI, HTTPException, BackgroundTasks, Query, Body
ModuleNotFoundError: No module named 'fastapi'
